
CH32V307RCT6.elf:     file format elf32-littleriscv
CH32V307RCT6.elf
architecture: riscv:rv32, flags 0x00000112:
EXEC_P, HAS_SYMS, D_PAGED
start address 0x00000000

Program Header:
    LOAD off    0x00001000 vaddr 0x00000000 paddr 0x00000000 align 2**12
         filesz 0x000009a0 memsz 0x000009a0 flags r-x
    LOAD off    0x00002000 vaddr 0x20000000 paddr 0x000009a0 align 2**12
         filesz 0x00000028 memsz 0x00000030 flags rw-
    LOAD off    0x00002800 vaddr 0x20007800 paddr 0x20007800 align 2**12
         filesz 0x00000000 memsz 0x00000800 flags rw-

Sections:
Idx Name          Size      VMA       LMA       File off  Algn
  0 .init         00000038  00000000  00000000  00001000  2**1
                  CONTENTS, ALLOC, LOAD, READONLY, CODE
  1 .vector       000001c8  00000038  00000038  00001038  2**1
                  CONTENTS, ALLOC, LOAD, READONLY, CODE
  2 .text         000007a0  00000200  00000200  00001200  2**1
                  CONTENTS, ALLOC, LOAD, READONLY, CODE
  3 .fini         00000000  000009a0  000009a0  00002028  2**0
                  CONTENTS, ALLOC, LOAD, CODE
  4 .dalign       00000000  20000000  20000000  00002028  2**0
                  CONTENTS
  5 .dlalign      00000000  000009a0  000009a0  00002028  2**0
                  CONTENTS
  6 .data         00000028  20000000  000009a0  00002000  2**2
                  CONTENTS, ALLOC, LOAD, DATA
  7 .bss          00000008  20000028  000009c8  00002028  2**2
                  ALLOC
  8 .stack        00000800  20007800  20007800  00002800  2**0
                  ALLOC
  9 .debug_info   000079e0  00000000  00000000  00002028  2**0
                  CONTENTS, READONLY, DEBUGGING
 10 .debug_abbrev 0000168a  00000000  00000000  00009a08  2**0
                  CONTENTS, READONLY, DEBUGGING
 11 .debug_aranges 00000468  00000000  00000000  0000b098  2**3
                  CONTENTS, READONLY, DEBUGGING
 12 .debug_ranges 00000430  00000000  00000000  0000b500  2**3
                  CONTENTS, READONLY, DEBUGGING
 13 .debug_line   000053ac  00000000  00000000  0000b930  2**0
                  CONTENTS, READONLY, DEBUGGING
 14 .debug_str    00001c5c  00000000  00000000  00010cdc  2**0
                  CONTENTS, READONLY, DEBUGGING
 15 .comment      00000033  00000000  00000000  00012938  2**0
                  CONTENTS, READONLY
 16 .debug_frame  00000810  00000000  00000000  0001296c  2**2
                  CONTENTS, READONLY, DEBUGGING
 17 .debug_loc    00001c25  00000000  00000000  0001317c  2**0
                  CONTENTS, READONLY, DEBUGGING
SYMBOL TABLE:
00000000 l    d  .init	00000000 .init
00000038 l    d  .vector	00000000 .vector
00000200 l    d  .text	00000000 .text
000009a0 l    d  .fini	00000000 .fini
20000000 l    d  .dalign	00000000 .dalign
000009a0 l    d  .dlalign	00000000 .dlalign
20000000 l    d  .data	00000000 .data
20000028 l    d  .bss	00000000 .bss
20007800 l    d  .stack	00000000 .stack
00000000 l    d  .debug_info	00000000 .debug_info
00000000 l    d  .debug_abbrev	00000000 .debug_abbrev
00000000 l    d  .debug_aranges	00000000 .debug_aranges
00000000 l    d  .debug_ranges	00000000 .debug_ranges
00000000 l    d  .debug_line	00000000 .debug_line
00000000 l    d  .debug_str	00000000 .debug_str
00000000 l    d  .comment	00000000 .comment
00000000 l    d  .debug_frame	00000000 .debug_frame
00000000 l    d  .debug_loc	00000000 .debug_loc
00000000 l    df *ABS*	00000000 ./Startup/startup_ch32v30x_D8C.o
00000038 l       .vector	00000000 _vector_base
00000000 l    df *ABS*	00000000 ch32v30x_it.c
00000000 l    df *ABS*	00000000 main.c
00000000 l    df *ABS*	00000000 system_ch32v30x.c
00000000 l    df *ABS*	00000000 ch32v30x_gpio.c
00000000 l    df *ABS*	00000000 ch32v30x_misc.c
00000000 l    df *ABS*	00000000 ch32v30x_rcc.c
20000010 l     O .data	00000010 APBAHBPrescTable
20000024 l     O .data	00000004 ADCPrescTable
00000000 l    df *ABS*	00000000 ch32v30x_usart.c
00000000 l    df *ABS*	00000000 debug.c
2000002c l     O .bss	00000002 p_ms
2000002e l     O .bss	00000001 p_us
00000494  w      .text	00000000 EXTI2_IRQHandler
000004de  w      .text	00000000 TIM8_TRG_COM_IRQHandler
000004e0  w      .text	00000000 TIM8_CC_IRQHandler
00000516  w      .text	00000000 UART8_IRQHandler
20000820 g       .data	00000000 __global_pointer$
00000208 g     F .text	00000028 .hidden __riscv_save_8
000004ba  w      .text	00000000 TIM1_CC_IRQHandler
00000264 g     F .text	00000002 HardFault_Handler
00000254 g     F .text	0000000c .hidden __riscv_restore_3
000004f0  w      .text	00000000 TIM6_IRQHandler
00000480  w      .text	00000000 SysTick_Handler
00000486  w      .text	00000000 PVD_IRQHandler
000004e6  w      .text	00000000 SDIO_IRQHandler
00000518  w      .text	00000000 TIM9_BRK_IRQHandler
00000240 g     F .text	00000020 .hidden __riscv_restore_10
0000052c  w      .text	00000000 DMA2_Channel8_IRQHandler
00000260 g     F .text	00000004 NMI_Handler
00000506  w      .text	00000000 CAN2_RX1_IRQHandler
00000496  w      .text	00000000 EXTI3_IRQHandler
00000208 g     F .text	00000028 .hidden __riscv_save_11
0000050e  w      .text	00000000 USBHS_IRQHandler
0000052e  w      .text	00000000 DMA2_Channel9_IRQHandler
00000526  w      .text	00000000 TIM10_CC_IRQHandler
20000028 g       .bss	00000000 _sbss
00000800 g       *ABS*	00000000 __stack_size
0000094e g     F .text	00000050 USART_Printf_Init
00000254 g     F .text	0000000c .hidden __riscv_restore_2
00000490  w      .text	00000000 EXTI0_IRQHandler
000004c6  w      .text	00000000 I2C2_EV_IRQHandler
00000524  w      .text	00000000 TIM10_TRG_COM_IRQHandler
20000020 g     O .data	00000004 SystemCoreClock
00000038 g       .init	00000000 _einit
00000802 g     F .text	0000001e RCC_APB2PeriphClockCmd
00000200 g     F .text	00000030 .hidden __riscv_save_12
00000508  w      .text	00000000 CAN2_SCE_IRQHandler
000004a8  w      .text	00000000 ADC1_2_IRQHandler
000005be g     F .text	000000c0 GPIO_Init
0000047e  w      .text	00000000 Break_Point_Handler
00000240 g     F .text	00000020 .hidden __riscv_restore_11
20000028 g     O .bss	00000004 NVIC_Priority_Group
000004ca  w      .text	00000000 SPI1_IRQHandler
000008d8 g     F .text	00000016 USART_Cmd
00000230 g     F .text	0000000c .hidden __riscv_save_1
00000488  w      .text	00000000 TAMPER_IRQHandler
00000254 g     F .text	0000000c .hidden __riscv_restore_0
00000216 g     F .text	0000001a .hidden __riscv_save_7
00000504  w      .text	00000000 CAN2_RX0_IRQHandler
000004dc  w      .text	00000000 TIM8_UP_IRQHandler
0000047a  w      .text	00000000 Ecall_M_Mode_Handler
20007800 g       .stack	00000000 _heap_end
0000024a g     F .text	00000016 .hidden __riscv_restore_5
000004f6  w      .text	00000000 DMA2_Channel2_IRQHandler
000004a0  w      .text	00000000 DMA1_Channel4_IRQHandler
0000051a  w      .text	00000000 TIM9_UP_IRQHandler
0000024a g     F .text	00000016 .hidden __riscv_restore_6
000004d2  w      .text	00000000 USART3_IRQHandler
0000048a  w      .text	00000000 RTC_IRQHandler
20000030 g       .bss	00000000 _ebss
000004a6  w      .text	00000000 DMA1_Channel7_IRQHandler
000004ae  w      .text	00000000 CAN1_RX1_IRQHandler
000008ee g     F .text	0000002a Delay_Init
00000510  w      .text	00000000 DVP_IRQHandler
000004ee  w      .text	00000000 UART5_IRQHandler
0000067e g     F .text	00000004 GPIO_SetBits
000004c0  w      .text	00000000 TIM4_IRQHandler
00000208 g     F .text	00000028 .hidden __riscv_save_9
000004f4  w      .text	00000000 DMA2_Channel1_IRQHandler
00000216 g     F .text	0000001a .hidden __riscv_save_4
000004c2  w      .text	00000000 I2C1_EV_IRQHandler
0000068c g     F .text	00000176 RCC_GetClocksFreq
000004a4  w      .text	00000000 DMA1_Channel6_IRQHandler
000004ec  w      .text	00000000 UART4_IRQHandler
000004fa  w      .text	00000000 DMA2_Channel4_IRQHandler
00000820 g     F .text	000000b8 USART_Init
000004be  w      .text	00000000 TIM3_IRQHandler
0000048e  w      .text	00000000 RCC_IRQHandler
00000230 g     F .text	0000000c .hidden __riscv_save_3
000004b8  w      .text	00000000 TIM1_TRG_COM_IRQHandler
0000049a  w      .text	00000000 DMA1_Channel1_IRQHandler
00000000 g       .init	00000000 _start
0000052a  w      .text	00000000 DMA2_Channel7_IRQHandler
20000000 g     O .data	00000010 AHBPrescTable
000004d4  w      .text	00000000 EXTI15_10_IRQHandler
00000682 g     F .text	00000004 GPIO_ResetBits
000004f2  w      .text	00000000 TIM7_IRQHandler
00000502  w      .text	00000000 CAN2_TX_IRQHandler
20000000 g       .dalign	00000000 _data_vma
000004e8  w      .text	00000000 TIM5_IRQHandler
000004b2  w      .text	00000000 EXTI9_5_IRQHandler
00000208 g     F .text	00000028 .hidden __riscv_save_10
00000500  w      .text	00000000 ETH_WKUP_IRQHandler
0000024a g     F .text	00000016 .hidden __riscv_restore_4
00000240 g     F .text	00000020 .hidden __riscv_restore_8
00000216 g     F .text	0000001a .hidden __riscv_save_6
000004cc  w      .text	00000000 SPI2_IRQHandler
00000240 g     F .text	00000020 .hidden __riscv_restore_9
0000024a g     F .text	00000016 .hidden __riscv_restore_7
0000028a g     F .text	00000034 main
00000520  w      .text	00000000 TIM10_BRK_IRQHandler
0000051e  w      .text	00000000 TIM9_CC_IRQHandler
000004fc  w      .text	00000000 DMA2_Channel5_IRQHandler
000004a2  w      .text	00000000 DMA1_Channel5_IRQHandler
00000498  w      .text	00000000 EXTI4_IRQHandler
00000918 g     F .text	00000036 Delay_Ms
000004ac  w      .text	00000000 USB_LP_CAN1_RX0_IRQHandler
000002be g     F .text	000000fa SystemInit
000004e2  w      .text	00000000 RNG_IRQHandler
000004aa  w      .text	00000000 USB_HP_CAN1_TX_IRQHandler
00000000 g       .init	00000000 _sinit
0000049e  w      .text	00000000 DMA1_Channel3_IRQHandler
000004e4  w      .text	00000000 FSMC_IRQHandler
000004fe  w      .text	00000000 ETH_IRQHandler
000004b6  w      .text	00000000 TIM1_UP_IRQHandler
00000484  w      .text	00000000 WWDG_IRQHandler
0000050c  w      .text	00000000 USBHSWakeup_IRQHandler
00000532  w      .text	00000000 DMA2_Channel11_IRQHandler
0000047c  w      .text	00000000 Ecall_U_Mode_Handler
00000528  w      .text	00000000 DMA2_Channel6_IRQHandler
000004bc  w      .text	00000000 TIM2_IRQHandler
00000266 g     F .text	00000024 led_init
20008000 g       .stack	00000000 _eusrstack
00000230 g     F .text	0000000c .hidden __riscv_save_2
00000482  w      .text	00000000 SW_Handler
000004b4  w      .text	00000000 TIM1_BRK_IRQHandler
00000530  w      .text	00000000 DMA2_Channel10_IRQHandler
00000492  w      .text	00000000 EXTI1_IRQHandler
00000216 g     F .text	0000001a .hidden __riscv_save_5
20000028 g       .data	00000000 _edata
20000030 g       .bss	00000000 _end
000004d6  w      .text	00000000 RTCAlarm_IRQHandler
000009a0 g       .dlalign	00000000 _data_lma
00000522  w      .text	00000000 TIM10_UP_IRQHandler
0000051c  w      .text	00000000 TIM9_TRG_COM_IRQHandler
00000514  w      .text	00000000 UART7_IRQHandler
000004d0  w      .text	00000000 USART2_IRQHandler
00000512  w      .text	00000000 UART6_IRQHandler
000003b8 g     F .text	000000be SystemCoreClockUpdate
000004c8  w      .text	00000000 I2C2_ER_IRQHandler
0000049c  w      .text	00000000 DMA1_Channel2_IRQHandler
0000023c g     F .text	00000024 .hidden __riscv_restore_12
000004da  w      .text	00000000 TIM8_BRK_IRQHandler
00000534  w      .text	00000000 handle_reset
000004b0  w      .text	00000000 CAN1_SCE_IRQHandler
0000048c  w      .text	00000000 FLASH_IRQHandler
00000230 g     F .text	0000000c .hidden __riscv_save_0
000004ce  w      .text	00000000 USART1_IRQHandler
0000050a  w      .text	00000000 OTG_FS_IRQHandler
000004ea  w      .text	00000000 SPI3_IRQHandler
000004c4  w      .text	00000000 I2C1_ER_IRQHandler
00000686 g     F .text	00000006 NVIC_PriorityGroupConfig
00000254 g     F .text	0000000c .hidden __riscv_restore_1
000004d8  w      .text	00000000 USBWakeUp_IRQHandler
000004f8  w      .text	00000000 DMA2_Channel3_IRQHandler



Disassembly of section .init:

00000000 <_sinit>:
   0:	5340006f          	j	534 <handle_reset>
   4:	00000013          	nop
   8:	00000013          	nop
   c:	00000013          	nop
  10:	00000013          	nop
  14:	00000013          	nop
  18:	00000013          	nop
  1c:	00000013          	nop
  20:	00000013          	nop
  24:	00000013          	nop
  28:	00000013          	nop
  2c:	00000013          	nop
  30:	00000013          	nop
  34:	00100073          	ebreak

Disassembly of section .vector:

00000038 <_vector_base>:
	...
  40:	0260                	addi	s0,sp,268
  42:	0000                	unimp
  44:	0264                	addi	s1,sp,268
  46:	0000                	unimp
  48:	0000                	unimp
  4a:	0000                	unimp
  4c:	047a                	slli	s0,s0,0x1e
	...
  56:	0000                	unimp
  58:	047c                	addi	a5,sp,524
  5a:	0000                	unimp
  5c:	047e                	slli	s0,s0,0x1f
	...
  66:	0000                	unimp
  68:	0480                	addi	s0,sp,576
  6a:	0000                	unimp
  6c:	0000                	unimp
  6e:	0000                	unimp
  70:	0482                	c.slli64	s1
  72:	0000                	unimp
  74:	0000                	unimp
  76:	0000                	unimp
  78:	0484                	addi	s1,sp,576
  7a:	0000                	unimp
  7c:	0486                	slli	s1,s1,0x1
  7e:	0000                	unimp
  80:	0488                	addi	a0,sp,576
  82:	0000                	unimp
  84:	048a                	slli	s1,s1,0x2
  86:	0000                	unimp
  88:	048c                	addi	a1,sp,576
  8a:	0000                	unimp
  8c:	048e                	slli	s1,s1,0x3
  8e:	0000                	unimp
  90:	0490                	addi	a2,sp,576
  92:	0000                	unimp
  94:	0492                	slli	s1,s1,0x4
  96:	0000                	unimp
  98:	0494                	addi	a3,sp,576
  9a:	0000                	unimp
  9c:	0496                	slli	s1,s1,0x5
  9e:	0000                	unimp
  a0:	0498                	addi	a4,sp,576
  a2:	0000                	unimp
  a4:	049a                	slli	s1,s1,0x6
  a6:	0000                	unimp
  a8:	049c                	addi	a5,sp,576
  aa:	0000                	unimp
  ac:	049e                	slli	s1,s1,0x7
  ae:	0000                	unimp
  b0:	04a0                	addi	s0,sp,584
  b2:	0000                	unimp
  b4:	04a2                	slli	s1,s1,0x8
  b6:	0000                	unimp
  b8:	04a4                	addi	s1,sp,584
  ba:	0000                	unimp
  bc:	04a6                	slli	s1,s1,0x9
  be:	0000                	unimp
  c0:	04a8                	addi	a0,sp,584
  c2:	0000                	unimp
  c4:	04aa                	slli	s1,s1,0xa
  c6:	0000                	unimp
  c8:	04ac                	addi	a1,sp,584
  ca:	0000                	unimp
  cc:	04ae                	slli	s1,s1,0xb
  ce:	0000                	unimp
  d0:	04b0                	addi	a2,sp,584
  d2:	0000                	unimp
  d4:	04b2                	slli	s1,s1,0xc
  d6:	0000                	unimp
  d8:	04b4                	addi	a3,sp,584
  da:	0000                	unimp
  dc:	04b6                	slli	s1,s1,0xd
  de:	0000                	unimp
  e0:	04b8                	addi	a4,sp,584
  e2:	0000                	unimp
  e4:	04ba                	slli	s1,s1,0xe
  e6:	0000                	unimp
  e8:	04bc                	addi	a5,sp,584
  ea:	0000                	unimp
  ec:	04be                	slli	s1,s1,0xf
  ee:	0000                	unimp
  f0:	04c0                	addi	s0,sp,580
  f2:	0000                	unimp
  f4:	04c2                	slli	s1,s1,0x10
  f6:	0000                	unimp
  f8:	04c4                	addi	s1,sp,580
  fa:	0000                	unimp
  fc:	04c6                	slli	s1,s1,0x11
  fe:	0000                	unimp
 100:	04c8                	addi	a0,sp,580
 102:	0000                	unimp
 104:	04ca                	slli	s1,s1,0x12
 106:	0000                	unimp
 108:	04cc                	addi	a1,sp,580
 10a:	0000                	unimp
 10c:	04ce                	slli	s1,s1,0x13
 10e:	0000                	unimp
 110:	04d0                	addi	a2,sp,580
 112:	0000                	unimp
 114:	04d2                	slli	s1,s1,0x14
 116:	0000                	unimp
 118:	04d4                	addi	a3,sp,580
 11a:	0000                	unimp
 11c:	04d6                	slli	s1,s1,0x15
 11e:	0000                	unimp
 120:	04d8                	addi	a4,sp,580
 122:	0000                	unimp
 124:	04da                	slli	s1,s1,0x16
 126:	0000                	unimp
 128:	04dc                	addi	a5,sp,580
 12a:	0000                	unimp
 12c:	04de                	slli	s1,s1,0x17
 12e:	0000                	unimp
 130:	04e0                	addi	s0,sp,588
 132:	0000                	unimp
 134:	04e2                	slli	s1,s1,0x18
 136:	0000                	unimp
 138:	04e4                	addi	s1,sp,588
 13a:	0000                	unimp
 13c:	04e6                	slli	s1,s1,0x19
 13e:	0000                	unimp
 140:	04e8                	addi	a0,sp,588
 142:	0000                	unimp
 144:	04ea                	slli	s1,s1,0x1a
 146:	0000                	unimp
 148:	04ec                	addi	a1,sp,588
 14a:	0000                	unimp
 14c:	04ee                	slli	s1,s1,0x1b
 14e:	0000                	unimp
 150:	04f0                	addi	a2,sp,588
 152:	0000                	unimp
 154:	04f2                	slli	s1,s1,0x1c
 156:	0000                	unimp
 158:	04f4                	addi	a3,sp,588
 15a:	0000                	unimp
 15c:	04f6                	slli	s1,s1,0x1d
 15e:	0000                	unimp
 160:	04f8                	addi	a4,sp,588
 162:	0000                	unimp
 164:	04fa                	slli	s1,s1,0x1e
 166:	0000                	unimp
 168:	04fc                	addi	a5,sp,588
 16a:	0000                	unimp
 16c:	04fe                	slli	s1,s1,0x1f
 16e:	0000                	unimp
 170:	0500                	addi	s0,sp,640
 172:	0000                	unimp
 174:	0502                	c.slli64	a0
 176:	0000                	unimp
 178:	0504                	addi	s1,sp,640
 17a:	0000                	unimp
 17c:	0506                	slli	a0,a0,0x1
 17e:	0000                	unimp
 180:	0508                	addi	a0,sp,640
 182:	0000                	unimp
 184:	050a                	slli	a0,a0,0x2
 186:	0000                	unimp
 188:	050c                	addi	a1,sp,640
 18a:	0000                	unimp
 18c:	050e                	slli	a0,a0,0x3
 18e:	0000                	unimp
 190:	0510                	addi	a2,sp,640
 192:	0000                	unimp
 194:	0512                	slli	a0,a0,0x4
 196:	0000                	unimp
 198:	0514                	addi	a3,sp,640
 19a:	0000                	unimp
 19c:	0516                	slli	a0,a0,0x5
 19e:	0000                	unimp
 1a0:	0518                	addi	a4,sp,640
 1a2:	0000                	unimp
 1a4:	051a                	slli	a0,a0,0x6
 1a6:	0000                	unimp
 1a8:	051c                	addi	a5,sp,640
 1aa:	0000                	unimp
 1ac:	051e                	slli	a0,a0,0x7
 1ae:	0000                	unimp
 1b0:	0520                	addi	s0,sp,648
 1b2:	0000                	unimp
 1b4:	0522                	slli	a0,a0,0x8
 1b6:	0000                	unimp
 1b8:	0524                	addi	s1,sp,648
 1ba:	0000                	unimp
 1bc:	0526                	slli	a0,a0,0x9
 1be:	0000                	unimp
 1c0:	0528                	addi	a0,sp,648
 1c2:	0000                	unimp
 1c4:	052a                	slli	a0,a0,0xa
 1c6:	0000                	unimp
 1c8:	052c                	addi	a1,sp,648
 1ca:	0000                	unimp
 1cc:	052e                	slli	a0,a0,0xb
 1ce:	0000                	unimp
 1d0:	0530                	addi	a2,sp,648
 1d2:	0000                	unimp
 1d4:	0532                	slli	a0,a0,0xc
	...

Disassembly of section .text:

00000200 <__riscv_save_12>:
 200:	7139                	addi	sp,sp,-64
 202:	4301                	li	t1,0
 204:	c66e                	sw	s11,12(sp)
 206:	a019                	j	20c <__riscv_save_10+0x4>

00000208 <__riscv_save_10>:
 208:	7139                	addi	sp,sp,-64
 20a:	5341                	li	t1,-16
 20c:	c86a                	sw	s10,16(sp)
 20e:	ca66                	sw	s9,20(sp)
 210:	cc62                	sw	s8,24(sp)
 212:	ce5e                	sw	s7,28(sp)
 214:	a019                	j	21a <__riscv_save_4+0x4>

00000216 <__riscv_save_4>:
 216:	7139                	addi	sp,sp,-64
 218:	5301                	li	t1,-32
 21a:	d05a                	sw	s6,32(sp)
 21c:	d256                	sw	s5,36(sp)
 21e:	d452                	sw	s4,40(sp)
 220:	d64e                	sw	s3,44(sp)
 222:	d84a                	sw	s2,48(sp)
 224:	da26                	sw	s1,52(sp)
 226:	dc22                	sw	s0,56(sp)
 228:	de06                	sw	ra,60(sp)
 22a:	40610133          	sub	sp,sp,t1
 22e:	8282                	jr	t0

00000230 <__riscv_save_0>:
 230:	1141                	addi	sp,sp,-16
 232:	c04a                	sw	s2,0(sp)
 234:	c226                	sw	s1,4(sp)
 236:	c422                	sw	s0,8(sp)
 238:	c606                	sw	ra,12(sp)
 23a:	8282                	jr	t0

0000023c <__riscv_restore_12>:
 23c:	4db2                	lw	s11,12(sp)
 23e:	0141                	addi	sp,sp,16

00000240 <__riscv_restore_10>:
 240:	4d02                	lw	s10,0(sp)
 242:	4c92                	lw	s9,4(sp)
 244:	4c22                	lw	s8,8(sp)
 246:	4bb2                	lw	s7,12(sp)
 248:	0141                	addi	sp,sp,16

0000024a <__riscv_restore_4>:
 24a:	4b02                	lw	s6,0(sp)
 24c:	4a92                	lw	s5,4(sp)
 24e:	4a22                	lw	s4,8(sp)
 250:	49b2                	lw	s3,12(sp)
 252:	0141                	addi	sp,sp,16

00000254 <__riscv_restore_0>:
 254:	4902                	lw	s2,0(sp)
 256:	4492                	lw	s1,4(sp)
 258:	4422                	lw	s0,8(sp)
 25a:	40b2                	lw	ra,12(sp)
 25c:	0141                	addi	sp,sp,16
 25e:	8082                	ret

00000260 <NMI_Handler>:
 260:	30200073          	mret

00000264 <HardFault_Handler>:
 264:	a001                	j	264 <HardFault_Handler>

00000266 <led_init>:
 266:	fcbff2ef          	jal	t0,230 <__riscv_save_0>
 26a:	1141                	addi	sp,sp,-16
 26c:	4585                	li	a1,1
 26e:	4541                	li	a0,16
 270:	2b49                	jal	802 <RCC_APB2PeriphClockCmd>
 272:	47c1                	li	a5,16
 274:	c63e                	sw	a5,12(sp)
 276:	47a1                	li	a5,8
 278:	827c                	sh	a5,4(sp)
 27a:	004c                	addi	a1,sp,4
 27c:	478d                	li	a5,3
 27e:	40011537          	lui	a0,0x40011
 282:	c43e                	sw	a5,8(sp)
 284:	2e2d                	jal	5be <GPIO_Init>
 286:	0141                	addi	sp,sp,16
 288:	b7f1                	j	254 <__riscv_restore_0>

0000028a <main>:
 28a:	fa7ff2ef          	jal	t0,230 <__riscv_save_0>
 28e:	4509                	li	a0,2
 290:	2edd                	jal	686 <NVIC_PriorityGroupConfig>
 292:	221d                	jal	3b8 <SystemCoreClockUpdate>
 294:	2da9                	jal	8ee <Delay_Init>
 296:	6571                	lui	a0,0x1c
 298:	20050513          	addi	a0,a0,512 # 1c200 <_data_lma+0x1b860>
 29c:	2d4d                	jal	94e <USART_Printf_Init>
 29e:	37e1                	jal	266 <led_init>
 2a0:	45a1                	li	a1,8
 2a2:	40011537          	lui	a0,0x40011
 2a6:	2ef1                	jal	682 <GPIO_ResetBits>
 2a8:	06400513          	li	a0,100
 2ac:	25b5                	jal	918 <Delay_Ms>
 2ae:	45a1                	li	a1,8
 2b0:	40011537          	lui	a0,0x40011
 2b4:	26e9                	jal	67e <GPIO_SetBits>
 2b6:	06400513          	li	a0,100
 2ba:	2db9                	jal	918 <Delay_Ms>
 2bc:	b7d5                	j	2a0 <main+0x16>

000002be <SystemInit>:
 2be:	400217b7          	lui	a5,0x40021
 2c2:	4398                	lw	a4,0(a5)
 2c4:	f8ff06b7          	lui	a3,0xf8ff0
 2c8:	1141                	addi	sp,sp,-16
 2ca:	00176713          	ori	a4,a4,1
 2ce:	c398                	sw	a4,0(a5)
 2d0:	43d8                	lw	a4,4(a5)
 2d2:	00020637          	lui	a2,0x20
 2d6:	8f75                	and	a4,a4,a3
 2d8:	c3d8                	sw	a4,4(a5)
 2da:	4398                	lw	a4,0(a5)
 2dc:	fef706b7          	lui	a3,0xfef70
 2e0:	16fd                	addi	a3,a3,-1
 2e2:	8f75                	and	a4,a4,a3
 2e4:	c398                	sw	a4,0(a5)
 2e6:	4398                	lw	a4,0(a5)
 2e8:	fffc06b7          	lui	a3,0xfffc0
 2ec:	16fd                	addi	a3,a3,-1
 2ee:	8f75                	and	a4,a4,a3
 2f0:	c398                	sw	a4,0(a5)
 2f2:	43d8                	lw	a4,4(a5)
 2f4:	ff8106b7          	lui	a3,0xff810
 2f8:	16fd                	addi	a3,a3,-1
 2fa:	8f75                	and	a4,a4,a3
 2fc:	c3d8                	sw	a4,4(a5)
 2fe:	4398                	lw	a4,0(a5)
 300:	ec0006b7          	lui	a3,0xec000
 304:	16fd                	addi	a3,a3,-1
 306:	8f75                	and	a4,a4,a3
 308:	c398                	sw	a4,0(a5)
 30a:	00ff0737          	lui	a4,0xff0
 30e:	c798                	sw	a4,8(a5)
 310:	0207a623          	sw	zero,44(a5) # 4002102c <_eusrstack+0x2001902c>
 314:	c402                	sw	zero,8(sp)
 316:	c602                	sw	zero,12(sp)
 318:	4398                	lw	a4,0(a5)
 31a:	66c1                	lui	a3,0x10
 31c:	8f55                	or	a4,a4,a3
 31e:	c398                	sw	a4,0(a5)
 320:	400216b7          	lui	a3,0x40021
 324:	6705                	lui	a4,0x1
 326:	429c                	lw	a5,0(a3)
 328:	8ff1                	and	a5,a5,a2
 32a:	c63e                	sw	a5,12(sp)
 32c:	47a2                	lw	a5,8(sp)
 32e:	0785                	addi	a5,a5,1
 330:	c43e                	sw	a5,8(sp)
 332:	47b2                	lw	a5,12(sp)
 334:	e781                	bnez	a5,33c <SystemInit+0x7e>
 336:	47a2                	lw	a5,8(sp)
 338:	fee797e3          	bne	a5,a4,326 <SystemInit+0x68>
 33c:	400217b7          	lui	a5,0x40021
 340:	439c                	lw	a5,0(a5)
 342:	00e79713          	slli	a4,a5,0xe
 346:	06075763          	bgez	a4,3b4 <SystemInit+0xf6>
 34a:	4785                	li	a5,1
 34c:	c63e                	sw	a5,12(sp)
 34e:	4732                	lw	a4,12(sp)
 350:	4785                	li	a5,1
 352:	04f71f63          	bne	a4,a5,3b0 <SystemInit+0xf2>
 356:	400217b7          	lui	a5,0x40021
 35a:	43d8                	lw	a4,4(a5)
 35c:	ffc106b7          	lui	a3,0xffc10
 360:	16fd                	addi	a3,a3,-1
 362:	c3d8                	sw	a4,4(a5)
 364:	43d8                	lw	a4,4(a5)
 366:	c3d8                	sw	a4,4(a5)
 368:	43d8                	lw	a4,4(a5)
 36a:	40076713          	ori	a4,a4,1024
 36e:	c3d8                	sw	a4,4(a5)
 370:	43d8                	lw	a4,4(a5)
 372:	8f75                	and	a4,a4,a3
 374:	c3d8                	sw	a4,4(a5)
 376:	43d8                	lw	a4,4(a5)
 378:	002906b7          	lui	a3,0x290
 37c:	8f55                	or	a4,a4,a3
 37e:	c3d8                	sw	a4,4(a5)
 380:	4398                	lw	a4,0(a5)
 382:	010006b7          	lui	a3,0x1000
 386:	8f55                	or	a4,a4,a3
 388:	c398                	sw	a4,0(a5)
 38a:	4398                	lw	a4,0(a5)
 38c:	00671693          	slli	a3,a4,0x6
 390:	fe06dde3          	bgez	a3,38a <SystemInit+0xcc>
 394:	43d8                	lw	a4,4(a5)
 396:	400216b7          	lui	a3,0x40021
 39a:	9b71                	andi	a4,a4,-4
 39c:	c3d8                	sw	a4,4(a5)
 39e:	43d8                	lw	a4,4(a5)
 3a0:	00276713          	ori	a4,a4,2
 3a4:	c3d8                	sw	a4,4(a5)
 3a6:	4721                	li	a4,8
 3a8:	42dc                	lw	a5,4(a3)
 3aa:	8bb1                	andi	a5,a5,12
 3ac:	fee79ee3          	bne	a5,a4,3a8 <SystemInit+0xea>
 3b0:	0141                	addi	sp,sp,16
 3b2:	8082                	ret
 3b4:	c602                	sw	zero,12(sp)
 3b6:	bf61                	j	34e <SystemInit+0x90>

000003b8 <SystemCoreClockUpdate>:
 3b8:	40021637          	lui	a2,0x40021
 3bc:	425c                	lw	a5,4(a2)
 3be:	20000737          	lui	a4,0x20000
 3c2:	4691                	li	a3,4
 3c4:	8bb1                	andi	a5,a5,12
 3c6:	02070713          	addi	a4,a4,32 # 20000020 <SystemCoreClock>
 3ca:	00d78563          	beq	a5,a3,3d4 <SystemCoreClockUpdate+0x1c>
 3ce:	46a1                	li	a3,8
 3d0:	02d78863          	beq	a5,a3,400 <SystemCoreClockUpdate+0x48>
 3d4:	007a17b7          	lui	a5,0x7a1
 3d8:	20078793          	addi	a5,a5,512 # 7a1200 <_data_lma+0x7a0860>
 3dc:	c31c                	sw	a5,0(a4)
 3de:	400217b7          	lui	a5,0x40021
 3e2:	43dc                	lw	a5,4(a5)
 3e4:	8391                	srli	a5,a5,0x4
 3e6:	00f7f693          	andi	a3,a5,15
 3ea:	200007b7          	lui	a5,0x20000
 3ee:	00078793          	mv	a5,a5
 3f2:	97b6                	add	a5,a5,a3
 3f4:	2394                	lbu	a3,0(a5)
 3f6:	431c                	lw	a5,0(a4)
 3f8:	00d7d7b3          	srl	a5,a5,a3
 3fc:	c31c                	sw	a5,0(a4)
 3fe:	8082                	ret
 400:	4254                	lw	a3,4(a2)
 402:	4250                	lw	a2,4(a2)
 404:	67c1                	lui	a5,0x10
 406:	82c9                	srli	a3,a3,0x12
 408:	8abd                	andi	a3,a3,15
 40a:	8e7d                	and	a2,a2,a5
 40c:	00268793          	addi	a5,a3,2 # 40021002 <_eusrstack+0x20019002>
 410:	ca85                	beqz	a3,440 <SystemCoreClockUpdate+0x88>
 412:	46bd                	li	a3,15
 414:	02d78963          	beq	a5,a3,446 <SystemCoreClockUpdate+0x8e>
 418:	46c1                	li	a3,16
 41a:	02d78963          	beq	a5,a3,44c <SystemCoreClockUpdate+0x94>
 41e:	45c5                	li	a1,17
 420:	4681                	li	a3,0
 422:	00b79363          	bne	a5,a1,428 <SystemCoreClockUpdate+0x70>
 426:	47c1                	li	a5,16
 428:	e60d                	bnez	a2,452 <SystemCoreClockUpdate+0x9a>
 42a:	40024637          	lui	a2,0x40024
 42e:	80062603          	lw	a2,-2048(a2) # 40023800 <_eusrstack+0x2001b800>
 432:	8a41                	andi	a2,a2,16
 434:	c615                	beqz	a2,460 <SystemCoreClockUpdate+0xa8>
 436:	007a1637          	lui	a2,0x7a1
 43a:	20060613          	addi	a2,a2,512 # 7a1200 <_data_lma+0x7a0860>
 43e:	a02d                	j	468 <SystemCoreClockUpdate+0xb0>
 440:	4681                	li	a3,0
 442:	47c9                	li	a5,18
 444:	b7d5                	j	428 <SystemCoreClockUpdate+0x70>
 446:	4685                	li	a3,1
 448:	47b5                	li	a5,13
 44a:	bff9                	j	428 <SystemCoreClockUpdate+0x70>
 44c:	4681                	li	a3,0
 44e:	47bd                	li	a5,15
 450:	bfe1                	j	428 <SystemCoreClockUpdate+0x70>
 452:	40021637          	lui	a2,0x40021
 456:	4250                	lw	a2,4(a2)
 458:	00e61593          	slli	a1,a2,0xe
 45c:	fc05dde3          	bgez	a1,436 <SystemCoreClockUpdate+0x7e>
 460:	003d1637          	lui	a2,0x3d1
 464:	90060613          	addi	a2,a2,-1792 # 3d0900 <_data_lma+0x3cff60>
 468:	02c787b3          	mul	a5,a5,a2
 46c:	c31c                	sw	a5,0(a4)
 46e:	daa5                	beqz	a3,3de <SystemCoreClockUpdate+0x26>
 470:	431c                	lw	a5,0(a4)
 472:	8385                	srli	a5,a5,0x1
 474:	b7a5                	j	3dc <SystemCoreClockUpdate+0x24>
 476:	a001                	j	476 <SystemCoreClockUpdate+0xbe>
 478:	a001                	j	478 <SystemCoreClockUpdate+0xc0>

0000047a <Ecall_M_Mode_Handler>:
 47a:	a001                	j	47a <Ecall_M_Mode_Handler>

0000047c <Ecall_U_Mode_Handler>:
 47c:	a001                	j	47c <Ecall_U_Mode_Handler>

0000047e <Break_Point_Handler>:
 47e:	a001                	j	47e <Break_Point_Handler>

00000480 <SysTick_Handler>:
 480:	a001                	j	480 <SysTick_Handler>

00000482 <SW_Handler>:
 482:	a001                	j	482 <SW_Handler>

00000484 <WWDG_IRQHandler>:
 484:	a001                	j	484 <WWDG_IRQHandler>

00000486 <PVD_IRQHandler>:
 486:	a001                	j	486 <PVD_IRQHandler>

00000488 <TAMPER_IRQHandler>:
 488:	a001                	j	488 <TAMPER_IRQHandler>

0000048a <RTC_IRQHandler>:
 48a:	a001                	j	48a <RTC_IRQHandler>

0000048c <FLASH_IRQHandler>:
 48c:	a001                	j	48c <FLASH_IRQHandler>

0000048e <RCC_IRQHandler>:
 48e:	a001                	j	48e <RCC_IRQHandler>

00000490 <EXTI0_IRQHandler>:
 490:	a001                	j	490 <EXTI0_IRQHandler>

00000492 <EXTI1_IRQHandler>:
 492:	a001                	j	492 <EXTI1_IRQHandler>

00000494 <EXTI2_IRQHandler>:
 494:	a001                	j	494 <EXTI2_IRQHandler>

00000496 <EXTI3_IRQHandler>:
 496:	a001                	j	496 <EXTI3_IRQHandler>

00000498 <EXTI4_IRQHandler>:
 498:	a001                	j	498 <EXTI4_IRQHandler>

0000049a <DMA1_Channel1_IRQHandler>:
 49a:	a001                	j	49a <DMA1_Channel1_IRQHandler>

0000049c <DMA1_Channel2_IRQHandler>:
 49c:	a001                	j	49c <DMA1_Channel2_IRQHandler>

0000049e <DMA1_Channel3_IRQHandler>:
 49e:	a001                	j	49e <DMA1_Channel3_IRQHandler>

000004a0 <DMA1_Channel4_IRQHandler>:
 4a0:	a001                	j	4a0 <DMA1_Channel4_IRQHandler>

000004a2 <DMA1_Channel5_IRQHandler>:
 4a2:	a001                	j	4a2 <DMA1_Channel5_IRQHandler>

000004a4 <DMA1_Channel6_IRQHandler>:
 4a4:	a001                	j	4a4 <DMA1_Channel6_IRQHandler>

000004a6 <DMA1_Channel7_IRQHandler>:
 4a6:	a001                	j	4a6 <DMA1_Channel7_IRQHandler>

000004a8 <ADC1_2_IRQHandler>:
 4a8:	a001                	j	4a8 <ADC1_2_IRQHandler>

000004aa <USB_HP_CAN1_TX_IRQHandler>:
 4aa:	a001                	j	4aa <USB_HP_CAN1_TX_IRQHandler>

000004ac <USB_LP_CAN1_RX0_IRQHandler>:
 4ac:	a001                	j	4ac <USB_LP_CAN1_RX0_IRQHandler>

000004ae <CAN1_RX1_IRQHandler>:
 4ae:	a001                	j	4ae <CAN1_RX1_IRQHandler>

000004b0 <CAN1_SCE_IRQHandler>:
 4b0:	a001                	j	4b0 <CAN1_SCE_IRQHandler>

000004b2 <EXTI9_5_IRQHandler>:
 4b2:	a001                	j	4b2 <EXTI9_5_IRQHandler>

000004b4 <TIM1_BRK_IRQHandler>:
 4b4:	a001                	j	4b4 <TIM1_BRK_IRQHandler>

000004b6 <TIM1_UP_IRQHandler>:
 4b6:	a001                	j	4b6 <TIM1_UP_IRQHandler>

000004b8 <TIM1_TRG_COM_IRQHandler>:
 4b8:	a001                	j	4b8 <TIM1_TRG_COM_IRQHandler>

000004ba <TIM1_CC_IRQHandler>:
 4ba:	a001                	j	4ba <TIM1_CC_IRQHandler>

000004bc <TIM2_IRQHandler>:
 4bc:	a001                	j	4bc <TIM2_IRQHandler>

000004be <TIM3_IRQHandler>:
 4be:	a001                	j	4be <TIM3_IRQHandler>

000004c0 <TIM4_IRQHandler>:
 4c0:	a001                	j	4c0 <TIM4_IRQHandler>

000004c2 <I2C1_EV_IRQHandler>:
 4c2:	a001                	j	4c2 <I2C1_EV_IRQHandler>

000004c4 <I2C1_ER_IRQHandler>:
 4c4:	a001                	j	4c4 <I2C1_ER_IRQHandler>

000004c6 <I2C2_EV_IRQHandler>:
 4c6:	a001                	j	4c6 <I2C2_EV_IRQHandler>

000004c8 <I2C2_ER_IRQHandler>:
 4c8:	a001                	j	4c8 <I2C2_ER_IRQHandler>

000004ca <SPI1_IRQHandler>:
 4ca:	a001                	j	4ca <SPI1_IRQHandler>

000004cc <SPI2_IRQHandler>:
 4cc:	a001                	j	4cc <SPI2_IRQHandler>

000004ce <USART1_IRQHandler>:
 4ce:	a001                	j	4ce <USART1_IRQHandler>

000004d0 <USART2_IRQHandler>:
 4d0:	a001                	j	4d0 <USART2_IRQHandler>

000004d2 <USART3_IRQHandler>:
 4d2:	a001                	j	4d2 <USART3_IRQHandler>

000004d4 <EXTI15_10_IRQHandler>:
 4d4:	a001                	j	4d4 <EXTI15_10_IRQHandler>

000004d6 <RTCAlarm_IRQHandler>:
 4d6:	a001                	j	4d6 <RTCAlarm_IRQHandler>

000004d8 <USBWakeUp_IRQHandler>:
 4d8:	a001                	j	4d8 <USBWakeUp_IRQHandler>

000004da <TIM8_BRK_IRQHandler>:
 4da:	a001                	j	4da <TIM8_BRK_IRQHandler>

000004dc <TIM8_UP_IRQHandler>:
 4dc:	a001                	j	4dc <TIM8_UP_IRQHandler>

000004de <TIM8_TRG_COM_IRQHandler>:
 4de:	a001                	j	4de <TIM8_TRG_COM_IRQHandler>

000004e0 <TIM8_CC_IRQHandler>:
 4e0:	a001                	j	4e0 <TIM8_CC_IRQHandler>

000004e2 <RNG_IRQHandler>:
 4e2:	a001                	j	4e2 <RNG_IRQHandler>

000004e4 <FSMC_IRQHandler>:
 4e4:	a001                	j	4e4 <FSMC_IRQHandler>

000004e6 <SDIO_IRQHandler>:
 4e6:	a001                	j	4e6 <SDIO_IRQHandler>

000004e8 <TIM5_IRQHandler>:
 4e8:	a001                	j	4e8 <TIM5_IRQHandler>

000004ea <SPI3_IRQHandler>:
 4ea:	a001                	j	4ea <SPI3_IRQHandler>

000004ec <UART4_IRQHandler>:
 4ec:	a001                	j	4ec <UART4_IRQHandler>

000004ee <UART5_IRQHandler>:
 4ee:	a001                	j	4ee <UART5_IRQHandler>

000004f0 <TIM6_IRQHandler>:
 4f0:	a001                	j	4f0 <TIM6_IRQHandler>

000004f2 <TIM7_IRQHandler>:
 4f2:	a001                	j	4f2 <TIM7_IRQHandler>

000004f4 <DMA2_Channel1_IRQHandler>:
 4f4:	a001                	j	4f4 <DMA2_Channel1_IRQHandler>

000004f6 <DMA2_Channel2_IRQHandler>:
 4f6:	a001                	j	4f6 <DMA2_Channel2_IRQHandler>

000004f8 <DMA2_Channel3_IRQHandler>:
 4f8:	a001                	j	4f8 <DMA2_Channel3_IRQHandler>

000004fa <DMA2_Channel4_IRQHandler>:
 4fa:	a001                	j	4fa <DMA2_Channel4_IRQHandler>

000004fc <DMA2_Channel5_IRQHandler>:
 4fc:	a001                	j	4fc <DMA2_Channel5_IRQHandler>

000004fe <ETH_IRQHandler>:
 4fe:	a001                	j	4fe <ETH_IRQHandler>

00000500 <ETH_WKUP_IRQHandler>:
 500:	a001                	j	500 <ETH_WKUP_IRQHandler>

00000502 <CAN2_TX_IRQHandler>:
 502:	a001                	j	502 <CAN2_TX_IRQHandler>

00000504 <CAN2_RX0_IRQHandler>:
 504:	a001                	j	504 <CAN2_RX0_IRQHandler>

00000506 <CAN2_RX1_IRQHandler>:
 506:	a001                	j	506 <CAN2_RX1_IRQHandler>

00000508 <CAN2_SCE_IRQHandler>:
 508:	a001                	j	508 <CAN2_SCE_IRQHandler>

0000050a <OTG_FS_IRQHandler>:
 50a:	a001                	j	50a <OTG_FS_IRQHandler>

0000050c <USBHSWakeup_IRQHandler>:
 50c:	a001                	j	50c <USBHSWakeup_IRQHandler>

0000050e <USBHS_IRQHandler>:
 50e:	a001                	j	50e <USBHS_IRQHandler>

00000510 <DVP_IRQHandler>:
 510:	a001                	j	510 <DVP_IRQHandler>

00000512 <UART6_IRQHandler>:
 512:	a001                	j	512 <UART6_IRQHandler>

00000514 <UART7_IRQHandler>:
 514:	a001                	j	514 <UART7_IRQHandler>

00000516 <UART8_IRQHandler>:
 516:	a001                	j	516 <UART8_IRQHandler>

00000518 <TIM9_BRK_IRQHandler>:
 518:	a001                	j	518 <TIM9_BRK_IRQHandler>

0000051a <TIM9_UP_IRQHandler>:
 51a:	a001                	j	51a <TIM9_UP_IRQHandler>

0000051c <TIM9_TRG_COM_IRQHandler>:
 51c:	a001                	j	51c <TIM9_TRG_COM_IRQHandler>

0000051e <TIM9_CC_IRQHandler>:
 51e:	a001                	j	51e <TIM9_CC_IRQHandler>

00000520 <TIM10_BRK_IRQHandler>:
 520:	a001                	j	520 <TIM10_BRK_IRQHandler>

00000522 <TIM10_UP_IRQHandler>:
 522:	a001                	j	522 <TIM10_UP_IRQHandler>

00000524 <TIM10_TRG_COM_IRQHandler>:
 524:	a001                	j	524 <TIM10_TRG_COM_IRQHandler>

00000526 <TIM10_CC_IRQHandler>:
 526:	a001                	j	526 <TIM10_CC_IRQHandler>

00000528 <DMA2_Channel6_IRQHandler>:
 528:	a001                	j	528 <DMA2_Channel6_IRQHandler>

0000052a <DMA2_Channel7_IRQHandler>:
 52a:	a001                	j	52a <DMA2_Channel7_IRQHandler>

0000052c <DMA2_Channel8_IRQHandler>:
 52c:	a001                	j	52c <DMA2_Channel8_IRQHandler>

0000052e <DMA2_Channel9_IRQHandler>:
 52e:	a001                	j	52e <DMA2_Channel9_IRQHandler>

00000530 <DMA2_Channel10_IRQHandler>:
 530:	a001                	j	530 <DMA2_Channel10_IRQHandler>

00000532 <DMA2_Channel11_IRQHandler>:
 532:	a001                	j	532 <DMA2_Channel11_IRQHandler>

00000534 <handle_reset>:
 534:	20000197          	auipc	gp,0x20000
 538:	2ec18193          	addi	gp,gp,748 # 20000820 <__global_pointer$>
 53c:	20008117          	auipc	sp,0x20008
 540:	ac410113          	addi	sp,sp,-1340 # 20008000 <_eusrstack>
 544:	00000517          	auipc	a0,0x0
 548:	45c50513          	addi	a0,a0,1116 # 9a0 <_data_lma>
 54c:	20000597          	auipc	a1,0x20000
 550:	ab458593          	addi	a1,a1,-1356 # 20000000 <_data_vma>
 554:	80818613          	addi	a2,gp,-2040 # 20000028 <_edata>
 558:	00c5fa63          	bgeu	a1,a2,56c <handle_reset+0x38>
 55c:	00052283          	lw	t0,0(a0)
 560:	0055a023          	sw	t0,0(a1)
 564:	0511                	addi	a0,a0,4
 566:	0591                	addi	a1,a1,4
 568:	fec5eae3          	bltu	a1,a2,55c <handle_reset+0x28>
 56c:	80818513          	addi	a0,gp,-2040 # 20000028 <_edata>
 570:	81018593          	addi	a1,gp,-2032 # 20000030 <_ebss>
 574:	00b57763          	bgeu	a0,a1,582 <handle_reset+0x4e>
 578:	00052023          	sw	zero,0(a0)
 57c:	0511                	addi	a0,a0,4
 57e:	feb56de3          	bltu	a0,a1,578 <handle_reset+0x44>
 582:	42fd                	li	t0,31
 584:	bc029073          	csrw	0xbc0,t0
 588:	42ad                	li	t0,11
 58a:	80429073          	csrw	0x804,t0
 58e:	000062b7          	lui	t0,0x6
 592:	08828293          	addi	t0,t0,136 # 6088 <_data_lma+0x56e8>
 596:	3002a073          	csrs	mstatus,t0
 59a:	00000297          	auipc	t0,0x0
 59e:	a9e28293          	addi	t0,t0,-1378 # 38 <_einit>
 5a2:	0032e293          	ori	t0,t0,3
 5a6:	30529073          	csrw	mtvec,t0
 5aa:	d15ff0ef          	jal	ra,2be <SystemInit>
 5ae:	00000297          	auipc	t0,0x0
 5b2:	cdc28293          	addi	t0,t0,-804 # 28a <main>
 5b6:	34129073          	csrw	mepc,t0
 5ba:	30200073          	mret

000005be <GPIO_Init>:
 5be:	459c                	lw	a5,8(a1)
 5c0:	0107f713          	andi	a4,a5,16
 5c4:	00f7f813          	andi	a6,a5,15
 5c8:	c701                	beqz	a4,5d0 <GPIO_Init+0x12>
 5ca:	41d8                	lw	a4,4(a1)
 5cc:	00e86833          	or	a6,a6,a4
 5d0:	218e                	lhu	a1,0(a1)
 5d2:	0ff5f713          	andi	a4,a1,255
 5d6:	c339                	beqz	a4,61c <GPIO_Init+0x5e>
 5d8:	4118                	lw	a4,0(a0)
 5da:	4681                	li	a3,0
 5dc:	4e85                	li	t4,1
 5de:	4f3d                	li	t5,15
 5e0:	02800f93          	li	t6,40
 5e4:	04800293          	li	t0,72
 5e8:	4e21                	li	t3,8
 5ea:	00de9633          	sll	a2,t4,a3
 5ee:	00c5f8b3          	and	a7,a1,a2
 5f2:	03161163          	bne	a2,a7,614 <GPIO_Init+0x56>
 5f6:	00269893          	slli	a7,a3,0x2
 5fa:	011f1333          	sll	t1,t5,a7
 5fe:	fff34313          	not	t1,t1
 602:	00e37733          	and	a4,t1,a4
 606:	011818b3          	sll	a7,a6,a7
 60a:	00e8e733          	or	a4,a7,a4
 60e:	05f79f63          	bne	a5,t6,66c <GPIO_Init+0xae>
 612:	c950                	sw	a2,20(a0)
 614:	0685                	addi	a3,a3,1
 616:	fdc69ae3          	bne	a3,t3,5ea <GPIO_Init+0x2c>
 61a:	c118                	sw	a4,0(a0)
 61c:	0ff00713          	li	a4,255
 620:	04b77563          	bgeu	a4,a1,66a <GPIO_Init+0xac>
 624:	4154                	lw	a3,4(a0)
 626:	4621                	li	a2,8
 628:	4e85                	li	t4,1
 62a:	4f3d                	li	t5,15
 62c:	02800f93          	li	t6,40
 630:	04800293          	li	t0,72
 634:	4e41                	li	t3,16
 636:	00ce98b3          	sll	a7,t4,a2
 63a:	0115f733          	and	a4,a1,a7
 63e:	02e89263          	bne	a7,a4,662 <GPIO_Init+0xa4>
 642:	00261713          	slli	a4,a2,0x2
 646:	1701                	addi	a4,a4,-32
 648:	00ef1333          	sll	t1,t5,a4
 64c:	fff34313          	not	t1,t1
 650:	00d376b3          	and	a3,t1,a3
 654:	00e81733          	sll	a4,a6,a4
 658:	8ed9                	or	a3,a3,a4
 65a:	01f79d63          	bne	a5,t6,674 <GPIO_Init+0xb6>
 65e:	01152a23          	sw	a7,20(a0)
 662:	0605                	addi	a2,a2,1
 664:	fdc619e3          	bne	a2,t3,636 <GPIO_Init+0x78>
 668:	c154                	sw	a3,4(a0)
 66a:	8082                	ret
 66c:	fa5794e3          	bne	a5,t0,614 <GPIO_Init+0x56>
 670:	c910                	sw	a2,16(a0)
 672:	b74d                	j	614 <GPIO_Init+0x56>
 674:	fe5797e3          	bne	a5,t0,662 <GPIO_Init+0xa4>
 678:	01152823          	sw	a7,16(a0)
 67c:	b7dd                	j	662 <GPIO_Init+0xa4>

0000067e <GPIO_SetBits>:
 67e:	c90c                	sw	a1,16(a0)
 680:	8082                	ret

00000682 <GPIO_ResetBits>:
 682:	c94c                	sw	a1,20(a0)
 684:	8082                	ret

00000686 <NVIC_PriorityGroupConfig>:
 686:	80a1a423          	sw	a0,-2040(gp) # 20000028 <_edata>
 68a:	8082                	ret

0000068c <RCC_GetClocksFreq>:
 68c:	40021737          	lui	a4,0x40021
 690:	435c                	lw	a5,4(a4)
 692:	4691                	li	a3,4
 694:	8bb1                	andi	a5,a5,12
 696:	00d78563          	beq	a5,a3,6a0 <RCC_GetClocksFreq+0x14>
 69a:	46a1                	li	a3,8
 69c:	06d78263          	beq	a5,a3,700 <RCC_GetClocksFreq+0x74>
 6a0:	007a17b7          	lui	a5,0x7a1
 6a4:	20078793          	addi	a5,a5,512 # 7a1200 <_data_lma+0x7a0860>
 6a8:	c11c                	sw	a5,0(a0)
 6aa:	40021637          	lui	a2,0x40021
 6ae:	425c                	lw	a5,4(a2)
 6b0:	20000737          	lui	a4,0x20000
 6b4:	01070713          	addi	a4,a4,16 # 20000010 <APBAHBPrescTable>
 6b8:	8391                	srli	a5,a5,0x4
 6ba:	8bbd                	andi	a5,a5,15
 6bc:	97ba                	add	a5,a5,a4
 6be:	2394                	lbu	a3,0(a5)
 6c0:	411c                	lw	a5,0(a0)
 6c2:	00d7d7b3          	srl	a5,a5,a3
 6c6:	c15c                	sw	a5,4(a0)
 6c8:	4254                	lw	a3,4(a2)
 6ca:	82a1                	srli	a3,a3,0x8
 6cc:	8a9d                	andi	a3,a3,7
 6ce:	96ba                	add	a3,a3,a4
 6d0:	2294                	lbu	a3,0(a3)
 6d2:	00d7d6b3          	srl	a3,a5,a3
 6d6:	c514                	sw	a3,8(a0)
 6d8:	4254                	lw	a3,4(a2)
 6da:	82ad                	srli	a3,a3,0xb
 6dc:	8a9d                	andi	a3,a3,7
 6de:	9736                	add	a4,a4,a3
 6e0:	2318                	lbu	a4,0(a4)
 6e2:	00e7d7b3          	srl	a5,a5,a4
 6e6:	c55c                	sw	a5,12(a0)
 6e8:	4258                	lw	a4,4(a2)
 6ea:	8339                	srli	a4,a4,0xe
 6ec:	00377693          	andi	a3,a4,3
 6f0:	80418713          	addi	a4,gp,-2044 # 20000024 <ADCPrescTable>
 6f4:	9736                	add	a4,a4,a3
 6f6:	2318                	lbu	a4,0(a4)
 6f8:	02e7d7b3          	divu	a5,a5,a4
 6fc:	c91c                	sw	a5,16(a0)
 6fe:	8082                	ret
 700:	435c                	lw	a5,4(a4)
 702:	4358                	lw	a4,4(a4)
 704:	66c1                	lui	a3,0x10
 706:	83c9                	srli	a5,a5,0x12
 708:	8f75                	and	a4,a4,a3
 70a:	1ffff6b7          	lui	a3,0x1ffff
 70e:	70c6a683          	lw	a3,1804(a3) # 1ffff70c <_data_lma+0x1fffed6c>
 712:	8bbd                	andi	a5,a5,15
 714:	0789                	addi	a5,a5,2
 716:	01169613          	slli	a2,a3,0x11
 71a:	00064863          	bltz	a2,72a <RCC_GetClocksFreq+0x9e>
 71e:	46c5                	li	a3,17
 720:	4601                	li	a2,0
 722:	02d79263          	bne	a5,a3,746 <RCC_GetClocksFreq+0xba>
 726:	47c9                	li	a5,18
 728:	a839                	j	746 <RCC_GetClocksFreq+0xba>
 72a:	4689                	li	a3,2
 72c:	02d78f63          	beq	a5,a3,76a <RCC_GetClocksFreq+0xde>
 730:	46bd                	li	a3,15
 732:	02d78e63          	beq	a5,a3,76e <RCC_GetClocksFreq+0xe2>
 736:	46c1                	li	a3,16
 738:	02d78e63          	beq	a5,a3,774 <RCC_GetClocksFreq+0xe8>
 73c:	46c5                	li	a3,17
 73e:	4601                	li	a2,0
 740:	00d79363          	bne	a5,a3,746 <RCC_GetClocksFreq+0xba>
 744:	47c1                	li	a5,16
 746:	ef1d                	bnez	a4,784 <RCC_GetClocksFreq+0xf8>
 748:	40024737          	lui	a4,0x40024
 74c:	80072703          	lw	a4,-2048(a4) # 40023800 <_eusrstack+0x2001b800>
 750:	8b41                	andi	a4,a4,16
 752:	c705                	beqz	a4,77a <RCC_GetClocksFreq+0xee>
 754:	007a1737          	lui	a4,0x7a1
 758:	20070713          	addi	a4,a4,512 # 7a1200 <_data_lma+0x7a0860>
 75c:	02f707b3          	mul	a5,a4,a5
 760:	c11c                	sw	a5,0(a0)
 762:	d621                	beqz	a2,6aa <RCC_GetClocksFreq+0x1e>
 764:	411c                	lw	a5,0(a0)
 766:	8385                	srli	a5,a5,0x1
 768:	b781                	j	6a8 <RCC_GetClocksFreq+0x1c>
 76a:	4601                	li	a2,0
 76c:	bf6d                	j	726 <RCC_GetClocksFreq+0x9a>
 76e:	4605                	li	a2,1
 770:	47b5                	li	a5,13
 772:	bfd1                	j	746 <RCC_GetClocksFreq+0xba>
 774:	4601                	li	a2,0
 776:	47bd                	li	a5,15
 778:	b7f9                	j	746 <RCC_GetClocksFreq+0xba>
 77a:	003d1737          	lui	a4,0x3d1
 77e:	90070713          	addi	a4,a4,-1792 # 3d0900 <_data_lma+0x3cff60>
 782:	bfe9                	j	75c <RCC_GetClocksFreq+0xd0>
 784:	400215b7          	lui	a1,0x40021
 788:	55d8                	lw	a4,44(a1)
 78a:	00f71693          	slli	a3,a4,0xf
 78e:	55d8                	lw	a4,44(a1)
 790:	0406df63          	bgez	a3,7ee <RCC_GetClocksFreq+0x162>
 794:	8311                	srli	a4,a4,0x4
 796:	8b3d                	andi	a4,a4,15
 798:	00170693          	addi	a3,a4,1
 79c:	007a1737          	lui	a4,0x7a1
 7a0:	20070713          	addi	a4,a4,512 # 7a1200 <_data_lma+0x7a0860>
 7a4:	02d75733          	divu	a4,a4,a3
 7a8:	c118                	sw	a4,0(a0)
 7aa:	55d4                	lw	a3,44(a1)
 7ac:	82a1                	srli	a3,a3,0x8
 7ae:	8abd                	andi	a3,a3,15
 7b0:	e28d                	bnez	a3,7d2 <RCC_GetClocksFreq+0x146>
 7b2:	4695                	li	a3,5
 7b4:	02d70733          	mul	a4,a4,a3
 7b8:	8305                	srli	a4,a4,0x1
 7ba:	c118                	sw	a4,0(a0)
 7bc:	40021737          	lui	a4,0x40021
 7c0:	5758                	lw	a4,44(a4)
 7c2:	4114                	lw	a3,0(a0)
 7c4:	8b3d                	andi	a4,a4,15
 7c6:	0705                	addi	a4,a4,1
 7c8:	02e6d733          	divu	a4,a3,a4
 7cc:	c118                	sw	a4,0(a0)
 7ce:	4118                	lw	a4,0(a0)
 7d0:	b771                	j	75c <RCC_GetClocksFreq+0xd0>
 7d2:	4585                	li	a1,1
 7d4:	00b69463          	bne	a3,a1,7dc <RCC_GetClocksFreq+0x150>
 7d8:	46e5                	li	a3,25
 7da:	bfe9                	j	7b4 <RCC_GetClocksFreq+0x128>
 7dc:	45bd                	li	a1,15
 7de:	00b69663          	bne	a3,a1,7ea <RCC_GetClocksFreq+0x15e>
 7e2:	46d1                	li	a3,20
 7e4:	02e68733          	mul	a4,a3,a4
 7e8:	bfc9                	j	7ba <RCC_GetClocksFreq+0x12e>
 7ea:	0689                	addi	a3,a3,2
 7ec:	bfe5                	j	7e4 <RCC_GetClocksFreq+0x158>
 7ee:	8b3d                	andi	a4,a4,15
 7f0:	00170693          	addi	a3,a4,1 # 40021001 <_eusrstack+0x20019001>
 7f4:	007a1737          	lui	a4,0x7a1
 7f8:	20070713          	addi	a4,a4,512 # 7a1200 <_data_lma+0x7a0860>
 7fc:	02d75733          	divu	a4,a4,a3
 800:	b7f1                	j	7cc <RCC_GetClocksFreq+0x140>

00000802 <RCC_APB2PeriphClockCmd>:
 802:	c599                	beqz	a1,810 <RCC_APB2PeriphClockCmd+0xe>
 804:	40021737          	lui	a4,0x40021
 808:	4f1c                	lw	a5,24(a4)
 80a:	8d5d                	or	a0,a0,a5
 80c:	cf08                	sw	a0,24(a4)
 80e:	8082                	ret
 810:	400217b7          	lui	a5,0x40021
 814:	4f98                	lw	a4,24(a5)
 816:	fff54513          	not	a0,a0
 81a:	8d79                	and	a0,a0,a4
 81c:	cf88                	sw	a0,24(a5)
 81e:	8082                	ret

00000820 <USART_Init>:
 820:	a11ff2ef          	jal	t0,230 <__riscv_save_0>
 824:	2916                	lhu	a3,16(a0)
 826:	77f5                	lui	a5,0xffffd
 828:	17fd                	addi	a5,a5,-1
 82a:	8ff5                	and	a5,a5,a3
 82c:	21f6                	lhu	a3,6(a1)
 82e:	25da                	lhu	a4,12(a1)
 830:	7179                	addi	sp,sp,-48
 832:	8fd5                	or	a5,a5,a3
 834:	a91e                	sh	a5,16(a0)
 836:	2556                	lhu	a3,12(a0)
 838:	77fd                	lui	a5,0xfffff
 83a:	9f378793          	addi	a5,a5,-1549 # ffffe9f3 <_eusrstack+0xdfff69f3>
 83e:	8ff5                	and	a5,a5,a3
 840:	21d6                	lhu	a3,4(a1)
 842:	842a                	mv	s0,a0
 844:	c62e                	sw	a1,12(sp)
 846:	8fd5                	or	a5,a5,a3
 848:	2596                	lhu	a3,8(a1)
 84a:	8fd5                	or	a5,a5,a3
 84c:	25b6                	lhu	a3,10(a1)
 84e:	8fd5                	or	a5,a5,a3
 850:	a55e                	sh	a5,12(a0)
 852:	295e                	lhu	a5,20(a0)
 854:	07c2                	slli	a5,a5,0x10
 856:	83c1                	srli	a5,a5,0x10
 858:	cff7f793          	andi	a5,a5,-769
 85c:	8fd9                	or	a5,a5,a4
 85e:	a95e                	sh	a5,20(a0)
 860:	0868                	addi	a0,sp,28
 862:	352d                	jal	68c <RCC_GetClocksFreq>
 864:	400147b7          	lui	a5,0x40014
 868:	80078793          	addi	a5,a5,-2048 # 40013800 <_eusrstack+0x2000b800>
 86c:	45b2                	lw	a1,12(sp)
 86e:	04f41963          	bne	s0,a5,8c0 <USART_Init+0xa0>
 872:	57a2                	lw	a5,40(sp)
 874:	2456                	lhu	a3,12(s0)
 876:	4765                	li	a4,25
 878:	02e787b3          	mul	a5,a5,a4
 87c:	06c2                	slli	a3,a3,0x10
 87e:	86c1                	srai	a3,a3,0x10
 880:	4198                	lw	a4,0(a1)
 882:	0406d163          	bgez	a3,8c4 <USART_Init+0xa4>
 886:	0706                	slli	a4,a4,0x1
 888:	2452                	lhu	a2,12(s0)
 88a:	0642                	slli	a2,a2,0x10
 88c:	02e7d7b3          	divu	a5,a5,a4
 890:	06400713          	li	a4,100
 894:	8641                	srai	a2,a2,0x10
 896:	02e7d6b3          	divu	a3,a5,a4
 89a:	02e7f7b3          	remu	a5,a5,a4
 89e:	0692                	slli	a3,a3,0x4
 8a0:	02065463          	bgez	a2,8c8 <USART_Init+0xa8>
 8a4:	078e                	slli	a5,a5,0x3
 8a6:	03278793          	addi	a5,a5,50
 8aa:	02e7d7b3          	divu	a5,a5,a4
 8ae:	0077f713          	andi	a4,a5,7
 8b2:	00d767b3          	or	a5,a4,a3
 8b6:	07c2                	slli	a5,a5,0x10
 8b8:	83c1                	srli	a5,a5,0x10
 8ba:	a41e                	sh	a5,8(s0)
 8bc:	6145                	addi	sp,sp,48
 8be:	ba59                	j	254 <__riscv_restore_0>
 8c0:	5792                	lw	a5,36(sp)
 8c2:	bf4d                	j	874 <USART_Init+0x54>
 8c4:	070a                	slli	a4,a4,0x2
 8c6:	b7c9                	j	888 <USART_Init+0x68>
 8c8:	0792                	slli	a5,a5,0x4
 8ca:	03278793          	addi	a5,a5,50
 8ce:	02e7d7b3          	divu	a5,a5,a4
 8d2:	8bbd                	andi	a5,a5,15
 8d4:	8fd5                	or	a5,a5,a3
 8d6:	b7c5                	j	8b6 <USART_Init+0x96>

000008d8 <USART_Cmd>:
 8d8:	c591                	beqz	a1,8e4 <USART_Cmd+0xc>
 8da:	255e                	lhu	a5,12(a0)
 8dc:	6709                	lui	a4,0x2
 8de:	8fd9                	or	a5,a5,a4
 8e0:	a55e                	sh	a5,12(a0)
 8e2:	8082                	ret
 8e4:	255a                	lhu	a4,12(a0)
 8e6:	77f9                	lui	a5,0xffffe
 8e8:	17fd                	addi	a5,a5,-1
 8ea:	8ff9                	and	a5,a5,a4
 8ec:	bfd5                	j	8e0 <USART_Cmd+0x8>

000008ee <Delay_Init>:
 8ee:	200007b7          	lui	a5,0x20000
 8f2:	0207a783          	lw	a5,32(a5) # 20000020 <SystemCoreClock>
 8f6:	007a1737          	lui	a4,0x7a1
 8fa:	20070713          	addi	a4,a4,512 # 7a1200 <_data_lma+0x7a0860>
 8fe:	02e7d7b3          	divu	a5,a5,a4
 902:	0ff7f793          	andi	a5,a5,255
 906:	80f18723          	sb	a5,-2034(gp) # 2000002e <p_us>
 90a:	3e800713          	li	a4,1000
 90e:	02e787b3          	mul	a5,a5,a4
 912:	80f19623          	sh	a5,-2036(gp) # 2000002c <p_ms>
 916:	8082                	ret

00000918 <Delay_Ms>:
 918:	e000f7b7          	lui	a5,0xe000f
 91c:	43d8                	lw	a4,4(a5)
 91e:	4681                	li	a3,0
 920:	9b79                	andi	a4,a4,-2
 922:	c3d8                	sw	a4,4(a5)
 924:	80c1d703          	lhu	a4,-2036(gp) # 2000002c <p_ms>
 928:	02a70633          	mul	a2,a4,a0
 92c:	cb90                	sw	a2,16(a5)
 92e:	cbd4                	sw	a3,20(a5)
 930:	4398                	lw	a4,0(a5)
 932:	01076713          	ori	a4,a4,16
 936:	c398                	sw	a4,0(a5)
 938:	4398                	lw	a4,0(a5)
 93a:	02176713          	ori	a4,a4,33
 93e:	c398                	sw	a4,0(a5)
 940:	43d8                	lw	a4,4(a5)
 942:	8b05                	andi	a4,a4,1
 944:	df75                	beqz	a4,940 <Delay_Ms+0x28>
 946:	4398                	lw	a4,0(a5)
 948:	9b79                	andi	a4,a4,-2
 94a:	c398                	sw	a4,0(a5)
 94c:	8082                	ret

0000094e <USART_Printf_Init>:
 94e:	8e3ff2ef          	jal	t0,230 <__riscv_save_0>
 952:	842a                	mv	s0,a0
 954:	6511                	lui	a0,0x4
 956:	1101                	addi	sp,sp,-32
 958:	4585                	li	a1,1
 95a:	0511                	addi	a0,a0,4
 95c:	355d                	jal	802 <RCC_APB2PeriphClockCmd>
 95e:	20000793          	li	a5,512
 962:	827c                	sh	a5,4(sp)
 964:	40011537          	lui	a0,0x40011
 968:	478d                	li	a5,3
 96a:	c43e                	sw	a5,8(sp)
 96c:	004c                	addi	a1,sp,4
 96e:	47e1                	li	a5,24
 970:	80050513          	addi	a0,a0,-2048 # 40010800 <_eusrstack+0x20008800>
 974:	c63e                	sw	a5,12(sp)
 976:	31a1                	jal	5be <GPIO_Init>
 978:	c822                	sw	s0,16(sp)
 97a:	40014437          	lui	s0,0x40014
 97e:	000807b7          	lui	a5,0x80
 982:	080c                	addi	a1,sp,16
 984:	80040513          	addi	a0,s0,-2048 # 40013800 <_eusrstack+0x2000b800>
 988:	cc3e                	sw	a5,24(sp)
 98a:	ca02                	sw	zero,20(sp)
 98c:	00011e23          	sh	zero,28(sp)
 990:	3d41                	jal	820 <USART_Init>
 992:	4585                	li	a1,1
 994:	80040513          	addi	a0,s0,-2048
 998:	3781                	jal	8d8 <USART_Cmd>
 99a:	6105                	addi	sp,sp,32
 99c:	b865                	j	254 <__riscv_restore_0>
	...
